<?xml version="1.0" encoding="UTF-8"?>
<!-- Generated by org.testng.reporters.JUnitXMLReporter -->
<testsuite ignored="0" hostname="LAPTOP-KIOIC8K9" failures="0" tests="5" name="Test" time="19.427" errors="0" timestamp="2024-11-21T20:23:54 IST">
  <testcase classname="com.runnermaterials.LoginPageRunner" name="invaildPasswordTest" time="5.02"/>
  <testcase classname="com.runnermaterials.LoginPageRunner" name="invaildDepartmentTest" time="1.016"/>
  <testcase classname="com.runnermaterials.LoginPageRunner" name="withoutAnyDataTest" time="1.25"/>
  <testcase classname="com.runnermaterials.LoginPageRunner" name="departmentOnlyTest" time="2.826"/>
  <testcase classname="com.runnermaterials.LoginPageRunner" name="validLoginTest" time="4.083"/>
</testsuite> <!-- Test -->
