<?xml version="1.0" encoding="UTF-8"?>
<testng-results ignored="0" total="1" passed="1" failed="0" skipped="0">
  <reporter-output>
  </reporter-output>
  <suite started-at="2024-11-22T12:02:17 IST" name="Default suite" finished-at="2024-11-22T12:02:27 IST" duration-ms="9580">
    <groups>
    </groups>
    <test started-at="2024-11-22T12:02:17 IST" name="Default test" finished-at="2024-11-22T12:02:27 IST" duration-ms="9580">
      <class name="com.runnermaterials.LoginPage">
        <test-method is-config="true" signature="browser()[pri:0, instance:com.runnermaterials.LoginPage@4c371370]" started-at="2024-11-22T12:02:17 IST" name="browser" finished-at="2024-11-22T12:02:20 IST" duration-ms="2967" status="PASS">
          <reporter-output>
          </reporter-output>
        </test-method> <!-- browser -->
        <test-method is-config="true" signature="extendReportStartup()[pri:0, instance:com.runnermaterials.LoginPage@4c371370]" started-at="2024-11-22T12:02:20 IST" name="extendReportStartup" finished-at="2024-11-22T12:02:20 IST" duration-ms="255" status="PASS">
          <reporter-output>
          </reporter-output>
        </test-method> <!-- extendReportStartup -->
        <test-method signature="validLoginTest()[pri:0, instance:com.runnermaterials.LoginPage@4c371370]" started-at="2024-11-22T12:02:20 IST" name="validLoginTest" finished-at="2024-11-22T12:02:25 IST" duration-ms="4877" status="PASS">
          <reporter-output>
          </reporter-output>
        </test-method> <!-- validLoginTest -->
        <test-method is-config="true" signature="closeBrowser()[pri:0, instance:com.runnermaterials.LoginPage@4c371370]" started-at="2024-11-22T12:02:25 IST" name="closeBrowser" finished-at="2024-11-22T12:02:26 IST" duration-ms="650" status="PASS">
          <reporter-output>
          </reporter-output>
        </test-method> <!-- closeBrowser -->
        <test-method is-config="true" signature="extendReportEnd()[pri:0, instance:com.runnermaterials.LoginPage@4c371370]" started-at="2024-11-22T12:02:26 IST" name="extendReportEnd" finished-at="2024-11-22T12:02:27 IST" duration-ms="646" status="PASS">
          <reporter-output>
          </reporter-output>
        </test-method> <!-- extendReportEnd -->
      </class> <!-- com.runnermaterials.LoginPage -->
    </test> <!-- Default test -->
  </suite> <!-- Default suite -->
</testng-results>
